#
# There is insufficient memory for the Java Runtime Environment to continue.
# Native memory allocation (malloc) failed to allocate 32744 bytes for ChunkPool::allocate
# Possible reasons:
#   The system is out of physical RAM or swap space
#   In 32 bit mode, the process size limit was hit
# Possible solutions:
#   Reduce memory load on the system
#   Increase physical memory or swap space
#   Check if swap backing store is full
#   Use 64 bit Java on a 64 bit OS
#   Decrease Java heap size (-Xmx/-Xms)
#   Decrease number of Java threads
#   Decrease Java thread stack sizes (-Xss)
#   Set larger code cache with -XX:ReservedCodeCacheSize=
# This output file may be truncated or incomplete.
#
#  Out of Memory Error (allocation.cpp:211), pid=31596, tid=31664
#
# JRE version: Java(TM) SE Runtime Environment (7.0_79-b15) (build 1.7.0_79-b15)
# Java VM: Java HotSpot(TM) 64-Bit Server VM (24.79-b02 mixed mode windows-amd64 compressed oops)
# Failed to write core dump. Minidumps are not enabled by default on client versions of Windows
#

---------------  T H R E A D  ---------------

Current thread (0x000000000c13a000):  JavaThread "C2 CompilerThread1" daemon [_thread_in_native, id=31664, stack(0x000000000c600000,0x000000000c700000)]

Stack: [0x000000000c600000,0x000000000c700000]
[error occurred during error reporting (printing stack bounds), id 0xc0000005]


[error occurred during error reporting (printing native stack), id 0xc0000005]


Current CompileTask:
C2:  62440  458             io.netty.buffer.AbstractByteBuf::readBytes (11 bytes)


---------------  P R O C E S S  ---------------

Java Threads: ( => current thread )
  0x000000000cbd4000 JavaThread "nioEventLoopGroup-3-8" [_thread_blocked, id=14888, stack(0x000000000e2e0000,0x000000000e3e0000)]
  0x000000000cbb5800 JavaThread "nioEventLoopGroup-3-7" [_thread_blocked, id=2536, stack(0x000000000e080000,0x000000000e180000)]
  0x000000000c48f800 JavaThread "nioEventLoopGroup-3-6" [_thread_in_native, id=18512, stack(0x000000000df60000,0x000000000e060000)]
  0x000000000cc28800 JavaThread "nioEventLoopGroup-3-5" [_thread_blocked, id=11488, stack(0x000000000de00000,0x000000000df00000)]
  0x000000000cc72000 JavaThread "nioEventLoopGroup-3-4" [_thread_blocked, id=18500, stack(0x000000000dce0000,0x000000000dde0000)]
  0x000000000cbf6800 JavaThread "nioEventLoopGroup-3-3" [_thread_blocked, id=10252, stack(0x000000000db80000,0x000000000dc80000)]
  0x000000000c414800 JavaThread "nioEventLoopGroup-3-2" [_thread_blocked, id=12940, stack(0x000000000d8a0000,0x000000000d9a0000)]
  0x000000000c393000 JavaThread "nioEventLoopGroup-3-1" [_thread_blocked, id=18204, stack(0x000000000c700000,0x000000000c800000)]
  0x0000000002089000 JavaThread "DestroyJavaVM" [_thread_blocked, id=31620, stack(0x0000000002300000,0x0000000002400000)]
  0x000000000cbc6000 JavaThread "nioEventLoopGroup-2-1" [_thread_in_native, id=31688, stack(0x000000000d670000,0x000000000d770000)]
  0x000000000c13b000 JavaThread "Service Thread" daemon [_thread_blocked, id=31668, stack(0x000000000c850000,0x000000000c950000)]
=>0x000000000c13a000 JavaThread "C2 CompilerThread1" daemon [_thread_in_native, id=31664, stack(0x000000000c600000,0x000000000c700000)]
  0x000000000c131800 JavaThread "C2 CompilerThread0" daemon [_thread_in_native, id=31660, stack(0x000000000bd80000,0x000000000be80000)]
  0x000000000a8ec800 JavaThread "Attach Listener" daemon [_thread_blocked, id=31656, stack(0x000000000c030000,0x000000000c130000)]
  0x000000000a8e8000 JavaThread "Signal Dispatcher" daemon [_thread_blocked, id=31652, stack(0x000000000bf00000,0x000000000c000000)]
  0x000000000a877800 JavaThread "Finalizer" daemon [_thread_blocked, id=31648, stack(0x000000000bc30000,0x000000000bd30000)]
  0x000000000a870000 JavaThread "Reference Handler" daemon [_thread_blocked, id=31644, stack(0x000000000bac0000,0x000000000bbc0000)]

Other Threads:
  0x000000000a86c000 VMThread [stack: 0x000000000b8b0000,0x000000000b9b0000] [id=31640]
  0x000000000c154000 WatcherThread [stack: 0x000000000ca80000,0x000000000cb80000] [id=31672]

VM state:not at safepoint (normal execution)

VM Mutex/Monitor currently owned by a thread: None

Heap
 PSYoungGen      total 52224K, used 17343K [0x00000007d5d00000, 0x00000007da580000, 0x0000000800000000)
  eden space 51712K, 33% used [0x00000007d5d00000,0x00000007d6dc7ed8,0x00000007d8f80000)
  from space 512K, 31% used [0x00000007d9100000,0x00000007d9128000,0x00000007d9180000)
  to   space 11264K, 0% used [0x00000007d9a80000,0x00000007d9a80000,0x00000007da580000)
 ParOldGen       total 86016K, used 12042K [0x0000000781800000, 0x0000000786c00000, 0x00000007d5d00000)
  object space 86016K, 14% used [0x0000000781800000,0x00000007823c2910,0x0000000786c00000)
 PSPermGen       total 21504K, used 8006K [0x000000077c600000, 0x000000077db00000, 0x0000000781800000)
  object space 21504K, 37% used [0x000000077c600000,0x000000077cdd1a50,0x000000077db00000)

Card table byte_map: [0x0000000005400000,0x0000000005820000] byte_map_base: 0x000000000181d000

Polling page: 0x0000000000200000

Code Cache  [0x0000000002400000, 0x0000000002670000, 0x0000000005400000)
 total_blobs=706 nmethods=454 adapters=204 free_code_cache=47805Kb largest_free_block=48919104

Compilation events (10 events):
Event: 61.923 Thread 0x000000000c13a000 nmethod 454 0x000000000254af50 code [0x000000000254b080, 0x000000000254b0f8]
Event: 61.923 Thread 0x000000000c13a000  455             io.netty.handler.codec.CodecOutputList::insert (13 bytes)
Event: 61.923 Thread 0x000000000c13a000 nmethod 455 0x0000000002541e10 code [0x0000000002541f60, 0x0000000002542058]
Event: 61.923 Thread 0x000000000c131800 nmethod 453 0x0000000002541a50 code [0x0000000002541ba0, 0x0000000002541cb8]
Event: 61.923 Thread 0x000000000c13a000  456             com.miicrown.protocol.ProtocalMsg::<init> (5 bytes)
Event: 61.923 Thread 0x000000000c131800  457             com.miicrown.protocol.ProtocalMsg::createInstance (20 bytes)
Event: 61.924 Thread 0x000000000c13a000 nmethod 456 0x000000000254ad50 code [0x000000000254ae80, 0x000000000254aed8]
Event: 61.924 Thread 0x000000000c131800 nmethod 457 0x00000000025417d0 code [0x0000000002541920, 0x00000000025419b8]
Event: 62.409 Thread 0x000000000c13a000  458             io.netty.buffer.AbstractByteBuf::readBytes (11 bytes)
Event: 62.412 Thread 0x000000000c131800  459             io.netty.buffer.AbstractByteBuf::checkReadableBytes (42 bytes)

GC Heap History (10 events):
Event: 44.206 GC heap before
{Heap before GC invocations=9 (full 0):
 PSYoungGen      total 69632K, used 59424K [0x00000007d5d00000, 0x00000007dae00000, 0x0000000800000000)
  eden space 59392K, 100% used [0x00000007d5d00000,0x00000007d9700000,0x00000007d9700000)
  from space 10240K, 0% used [0x00000007da400000,0x00000007da408000,0x00000007dae00000)
  to   space 11776K, 0% used [0x00000007d9700000,0x00000007d9700000,0x00000007da280000)
 ParOldGen       total 86016K, used 11994K [0x0000000781800000, 0x0000000786c00000, 0x00000007d5d00000)
  object space 86016K, 13% used [0x0000000781800000,0x00000007823b6910,0x0000000786c00000)
 PSPermGen       total 21504K, used 7656K [0x000000077c600000, 0x000000077db00000, 0x0000000781800000)
  object space 21504K, 35% used [0x000000077c600000,0x000000077cd7a0d0,0x000000077db00000)
Event: 44.207 GC heap after
Heap after GC invocations=9 (full 0):
 PSYoungGen      total 58368K, used 64K [0x00000007d5d00000, 0x00000007dac80000, 0x0000000800000000)
  eden space 57856K, 0% used [0x00000007d5d00000,0x00000007d5d00000,0x00000007d9580000)
  from space 512K, 12% used [0x00000007d9700000,0x00000007d9710000,0x00000007d9780000)
  to   space 11776K, 0% used [0x00000007da100000,0x00000007da100000,0x00000007dac80000)
 ParOldGen       total 86016K, used 12010K [0x0000000781800000, 0x0000000786c00000, 0x00000007d5d00000)
  object space 86016K, 13% used [0x0000000781800000,0x00000007823ba910,0x0000000786c00000)
 PSPermGen       total 21504K, used 7656K [0x000000077c600000, 0x000000077db00000, 0x0000000781800000)
  object space 21504K, 35% used [0x000000077c600000,0x000000077cd7a0d0,0x000000077db00000)
}
Event: 48.415 GC heap before
{Heap before GC invocations=10 (full 0):
 PSYoungGen      total 58368K, used 57920K [0x00000007d5d00000, 0x00000007dac80000, 0x0000000800000000)
  eden space 57856K, 100% used [0x00000007d5d00000,0x00000007d9580000,0x00000007d9580000)
  from space 512K, 12% used [0x00000007d9700000,0x00000007d9710000,0x00000007d9780000)
  to   space 11776K, 0% used [0x00000007da100000,0x00000007da100000,0x00000007dac80000)
 ParOldGen       total 86016K, used 12010K [0x0000000781800000, 0x0000000786c00000, 0x00000007d5d00000)
  object space 86016K, 13% used [0x0000000781800000,0x00000007823ba910,0x0000000786c00000)
 PSPermGen       total 21504K, used 7656K [0x000000077c600000, 0x000000077db00000, 0x0000000781800000)
  object space 21504K, 35% used [0x000000077c600000,0x000000077cd7a1a8,0x000000077db00000)
Event: 48.507 GC heap after
Heap after GC invocations=10 (full 0):
 PSYoungGen      total 66560K, used 32K [0x00000007d5d00000, 0x00000007dab00000, 0x0000000800000000)
  eden space 56320K, 0% used [0x00000007d5d00000,0x00000007d5d00000,0x00000007d9400000)
  from space 10240K, 0% used [0x00000007da100000,0x00000007da108000,0x00000007dab00000)
  to   space 11776K, 0% used [0x00000007d9400000,0x00000007d9400000,0x00000007d9f80000)
 ParOldGen       total 86016K, used 12018K [0x0000000781800000, 0x0000000786c00000, 0x00000007d5d00000)
  object space 86016K, 13% used [0x0000000781800000,0x00000007823bc910,0x0000000786c00000)
 PSPermGen       total 21504K, used 7656K [0x000000077c600000, 0x000000077db00000, 0x0000000781800000)
  object space 21504K, 35% used [0x000000077c600000,0x000000077cd7a1a8,0x000000077db00000)
}
Event: 52.735 GC heap before
{Heap before GC invocations=11 (full 0):
 PSYoungGen      total 66560K, used 56352K [0x00000007d5d00000, 0x00000007dab00000, 0x0000000800000000)
  eden space 56320K, 100% used [0x00000007d5d00000,0x00000007d9400000,0x00000007d9400000)
  from space 10240K, 0% used [0x00000007da100000,0x00000007da108000,0x00000007dab00000)
  to   space 11776K, 0% used [0x00000007d9400000,0x00000007d9400000,0x00000007d9f80000)
 ParOldGen       total 86016K, used 12018K [0x0000000781800000, 0x0000000786c00000, 0x00000007d5d00000)
  object space 86016K, 13% used [0x0000000781800000,0x00000007823bc910,0x0000000786c00000)
 PSPermGen       total 21504K, used 7656K [0x000000077c600000, 0x000000077db00000, 0x0000000781800000)
  object space 21504K, 35% used [0x000000077c600000,0x000000077cd7a1a8,0x000000077db00000)
Event: 52.737 GC heap after
Heap after GC invocations=11 (full 0):
 PSYoungGen      total 55296K, used 32K [0x00000007d5d00000, 0x00000007da980000, 0x0000000800000000)
  eden space 54784K, 0% used [0x00000007d5d00000,0x00000007d5d00000,0x00000007d9280000)
  from space 512K, 6% used [0x00000007d9400000,0x00000007d9408000,0x00000007d9480000)
  to   space 11776K, 0% used [0x00000007d9e00000,0x00000007d9e00000,0x00000007da980000)
 ParOldGen       total 86016K, used 12026K [0x0000000781800000, 0x0000000786c00000, 0x00000007d5d00000)
  object space 86016K, 13% used [0x0000000781800000,0x00000007823be910,0x0000000786c00000)
 PSPermGen       total 21504K, used 7656K [0x000000077c600000, 0x000000077db00000, 0x0000000781800000)
  object space 21504K, 35% used [0x000000077c600000,0x000000077cd7a1a8,0x000000077db00000)
}
Event: 56.898 GC heap before
{Heap before GC invocations=12 (full 0):
 PSYoungGen      total 55296K, used 54816K [0x00000007d5d00000, 0x00000007da980000, 0x0000000800000000)
  eden space 54784K, 100% used [0x00000007d5d00000,0x00000007d9280000,0x00000007d9280000)
  from space 512K, 6% used [0x00000007d9400000,0x00000007d9408000,0x00000007d9480000)
  to   space 11776K, 0% used [0x00000007d9e00000,0x00000007d9e00000,0x00000007da980000)
 ParOldGen       total 86016K, used 12026K [0x0000000781800000, 0x0000000786c00000, 0x00000007d5d00000)
  object space 86016K, 13% used [0x0000000781800000,0x00000007823be910,0x0000000786c00000)
 PSPermGen       total 21504K, used 7656K [0x000000077c600000, 0x000000077db00000, 0x0000000781800000)
  object space 21504K, 35% used [0x000000077c600000,0x000000077cd7a1a8,0x000000077db00000)
Event: 56.899 GC heap after
Heap after GC invocations=12 (full 0):
 PSYoungGen      total 63488K, used 64K [0x00000007d5d00000, 0x00000007da800000, 0x0000000800000000)
  eden space 53248K, 0% used [0x00000007d5d00000,0x00000007d5d00000,0x00000007d9100000)
  from space 10240K, 0% used [0x00000007d9e00000,0x00000007d9e10000,0x00000007da800000)
  to   space 11776K, 0% used [0x00000007d9100000,0x00000007d9100000,0x00000007d9c80000)
 ParOldGen       total 86016K, used 12034K [0x0000000781800000, 0x0000000786c00000, 0x00000007d5d00000)
  object space 86016K, 13% used [0x0000000781800000,0x00000007823c0910,0x0000000786c00000)
 PSPermGen       total 21504K, used 7656K [0x000000077c600000, 0x000000077db00000, 0x0000000781800000)
  object space 21504K, 35% used [0x000000077c600000,0x000000077cd7a1a8,0x000000077db00000)
}
Event: 61.059 GC heap before
{Heap before GC invocations=13 (full 0):
 PSYoungGen      total 63488K, used 53312K [0x00000007d5d00000, 0x00000007da800000, 0x0000000800000000)
  eden space 53248K, 100% used [0x00000007d5d00000,0x00000007d9100000,0x00000007d9100000)
  from space 10240K, 0% used [0x00000007d9e00000,0x00000007d9e10000,0x00000007da800000)
  to   space 11776K, 0% used [0x00000007d9100000,0x00000007d9100000,0x00000007d9c80000)
 ParOldGen       total 86016K, used 12034K [0x0000000781800000, 0x0000000786c00000, 0x00000007d5d00000)
  object space 86016K, 13% used [0x0000000781800000,0x00000007823c0910,0x0000000786c00000)
 PSPermGen       total 21504K, used 8000K [0x000000077c600000, 0x000000077db00000, 0x0000000781800000)
  object space 21504K, 37% used [0x000000077c600000,0x000000077cdd0358,0x000000077db00000)
Event: 61.075 GC heap after
Heap after GC invocations=13 (full 0):
 PSYoungGen      total 52224K, used 160K [0x00000007d5d00000, 0x00000007da580000, 0x0000000800000000)
  eden space 51712K, 0% used [0x00000007d5d00000,0x00000007d5d00000,0x00000007d8f80000)
  from space 512K, 31% used [0x00000007d9100000,0x00000007d9128000,0x00000007d9180000)
  to   space 11264K, 0% used [0x00000007d9a80000,0x00000007d9a80000,0x00000007da580000)
 ParOldGen       total 86016K, used 12042K [0x0000000781800000, 0x0000000786c00000, 0x00000007d5d00000)
  object space 86016K, 14% used [0x0000000781800000,0x00000007823c2910,0x0000000786c00000)
 PSPermGen       total 21504K, used 8000K [0x000000077c600000, 0x000000077db00000, 0x0000000781800000)
  object space 21504K, 37% used [0x000000077c600000,0x000000077cdd0358,0x000000077db00000)
}

Deoptimization events (10 events):
Event: 60.892 Thread 0x000000000cbf6800 Uncommon trap: reason=class_check action=maybe_recompile pc=0x00000000024b9038 method=sun.nio.cs.UTF_8.updatePositions(Ljava/nio/Buffer;ILjava/nio/Buffer;I)V @ 3
Event: 60.896 Thread 0x000000000cbf6800 Uncommon trap: reason=unreached action=reinterpret pc=0x00000000024a64dc method=java.util.concurrent.atomic.AtomicReferenceFieldUpdater$AtomicReferenceFieldUpdaterImpl.compareAndSet(Ljava/lang/Object;Ljava/lang/Object;Ljava/lang/Object;)Z @ 12
Event: 61.058 Thread 0x000000000cbf6800 Uncommon trap: reason=class_check action=maybe_recompile pc=0x00000000024e7478 method=java.lang.String.valueOf(Ljava/lang/Object;)Ljava/lang/String; @ 10
Event: 61.058 Thread 0x000000000cbf6800 Uncommon trap: reason=class_check action=maybe_recompile pc=0x00000000024e7478 method=java.lang.String.valueOf(Ljava/lang/Object;)Ljava/lang/String; @ 10
Event: 61.058 Thread 0x000000000cbf6800 Uncommon trap: reason=class_check action=maybe_recompile pc=0x00000000024e7478 method=java.lang.String.valueOf(Ljava/lang/Object;)Ljava/lang/String; @ 10
Event: 61.058 Thread 0x000000000cbf6800 Uncommon trap: reason=class_check action=maybe_recompile pc=0x00000000024e7478 method=java.lang.String.valueOf(Ljava/lang/Object;)Ljava/lang/String; @ 10
Event: 61.075 Thread 0x000000000cbf6800 Uncommon trap: reason=unloaded action=reinterpret pc=0x00000000025028c8 method=sun.nio.ch.SocketChannelImpl.ensureReadOpen()Z @ 14
Event: 61.481 Thread 0x000000000cbf6800 Uncommon trap: reason=unloaded action=reinterpret pc=0x00000000024ae98c method=io.netty.buffer.AbstractByteBuf.checkReadableBytes0(I)V @ 23
Event: 61.921 Thread 0x000000000cbf6800 Uncommon trap: reason=unloaded action=reinterpret pc=0x00000000024aecd0 method=io.netty.buffer.AbstractByteBuf.checkReadableBytes0(I)V @ 23
Event: 61.922 Thread 0x000000000cbf6800 Uncommon trap: reason=unloaded action=reinterpret pc=0x000000000249c6bc method=io.netty.buffer.AbstractByteBuf.checkReadableBytes0(I)V @ 23

Internal exceptions (10 events):
Event: 5.789 Thread 0x000000000cbf6800 Threw 0x00000007d6bdb168 at C:\re\jdk7u79\2331\hotspot\src\share\vm\prims\jvm.cpp:1304
Event: 5.789 Thread 0x000000000cbf6800 Threw 0x00000007d6bde6d0 at C:\re\jdk7u79\2331\hotspot\src\share\vm\prims\jvm.cpp:1304
Event: 5.790 Thread 0x000000000cbf6800 Threw 0x00000007d6be2418 at C:\re\jdk7u79\2331\hotspot\src\share\vm\prims\jvm.cpp:1304
Event: 7.529 Thread 0x000000000cbc6000 Threw 0x00000007d6a4d4d0 at C:\re\jdk7u79\2331\hotspot\src\share\vm\prims\jvm.cpp:1304
Event: 60.889 Thread 0x000000000cbf6800 Implicit null exception at 0x000000000253b4bc to 0x000000000253b549
Event: 60.890 Thread 0x000000000cbf6800 Implicit null exception at 0x00000000024d6394 to 0x00000000024d6419
Event: 60.890 Thread 0x000000000cbf6800 Implicit null exception at 0x00000000024d67b4 to 0x00000000024d6829
Event: 61.058 Thread 0x000000000cbf6800 Threw 0x00000007d90709f0 at C:\re\jdk7u79\2331\hotspot\src\share\vm\prims\jvm.cpp:1304
Event: 61.075 Thread 0x000000000cbf6800 Threw 0x00000007d5d22028 at C:\re\jdk7u79\2331\hotspot\src\share\vm\prims\jvm.cpp:1304
Event: 61.076 Thread 0x000000000cbf6800 Threw 0x00000007d5d25580 at C:\re\jdk7u79\2331\hotspot\src\share\vm\prims\jvm.cpp:1304

Events (10 events):
Event: 61.481 Thread 0x000000000cbf6800 Uncommon trap: trap_request=0x0000000f fr.pc=0x00000000024ae98c
Event: 61.481 Thread 0x000000000cbf6800 DEOPT PACKING pc=0x00000000024ae98c sp=0x000000000dc7eb30
Event: 61.481 Thread 0x000000000cbf6800 DEOPT UNPACKING pc=0x00000000024375a4 sp=0x000000000dc7ea20 mode 2
Event: 61.483 Thread 0x000000000c13a000 flushing nmethod 0x000000000249b010
Event: 61.921 Thread 0x000000000cbf6800 Uncommon trap: trap_request=0x0000000f fr.pc=0x00000000024aecd0
Event: 61.921 Thread 0x000000000cbf6800 DEOPT PACKING pc=0x00000000024aecd0 sp=0x000000000dc7ead0
Event: 61.921 Thread 0x000000000cbf6800 DEOPT UNPACKING pc=0x00000000024375a4 sp=0x000000000dc7ea18 mode 2
Event: 61.922 Thread 0x000000000cbf6800 Uncommon trap: trap_request=0x0000000f fr.pc=0x000000000249c6bc
Event: 61.923 Thread 0x000000000cbf6800 DEOPT PACKING pc=0x000000000249c6bc sp=0x000000000dc7ea70
Event: 61.923 Thread 0x000000000cbf6800 DEOPT UNPACKING pc=0x00000000024375a4 sp=0x000000000dc7ea20 mode 2


Dynamic libraries:
0x000000013f720000 - 0x000000013f753000 	C:\Program Files\Java\jdk1.7.0_79\bin\javaw.exe
0x00000000779a0000 - 0x0000000077b4a000 	C:\Windows\SYSTEM32\ntdll.dll
0x0000000077880000 - 0x000000007799f000 	C:\Windows\system32\kernel32.dll
0x000007fefdb10000 - 0x000007fefdb7a000 	C:\Windows\system32\KERNELBASE.dll
0x000007fefefb0000 - 0x000007feff08b000 	C:\Windows\system32\ADVAPI32.dll
0x000007fefef10000 - 0x000007fefefaf000 	C:\Windows\system32\msvcrt.dll
0x000007fefee20000 - 0x000007fefee3f000 	C:\Windows\SYSTEM32\sechost.dll
0x000007fefeaf0000 - 0x000007fefec1d000 	C:\Windows\system32\RPCRT4.dll
0x0000000077780000 - 0x000000007787a000 	C:\Windows\system32\USER32.dll
0x000007feff410000 - 0x000007feff477000 	C:\Windows\system32\GDI32.dll
0x000007feff9a0000 - 0x000007feff9ae000 	C:\Windows\system32\LPK.dll
0x000007fefee40000 - 0x000007fefef0b000 	C:\Windows\system32\USP10.dll
0x000007fefc0c0000 - 0x000007fefc2b4000 	C:\Windows\WinSxS\amd64_microsoft.windows.common-controls_6595b64144ccf1df_6.0.7601.17514_none_fa396087175ac9ac\COMCTL32.dll
0x000007feff390000 - 0x000007feff401000 	C:\Windows\system32\SHLWAPI.dll
0x000007feff1c0000 - 0x000007feff1ee000 	C:\Windows\system32\IMM32.DLL
0x000007feff4d0000 - 0x000007feff5d9000 	C:\Windows\system32\MSCTF.dll
0x000000006f1a0000 - 0x000000006f272000 	C:\Program Files\Java\jdk1.7.0_79\jre\bin\msvcr100.dll
0x000000006e280000 - 0x000000006ea55000 	C:\Program Files\Java\jdk1.7.0_79\jre\bin\server\jvm.dll
0x000007fef9a80000 - 0x000007fef9a89000 	C:\Windows\system32\WSOCK32.dll
0x000007feff480000 - 0x000007feff4cd000 	C:\Windows\system32\WS2_32.dll
0x000007feff380000 - 0x000007feff388000 	C:\Windows\system32\NSI.dll
0x000007fefb9e0000 - 0x000007fefba1b000 	C:\Windows\system32\WINMM.dll
0x0000000077b60000 - 0x0000000077b67000 	C:\Windows\system32\PSAPI.DLL
0x000000006f740000 - 0x000000006f74f000 	C:\Program Files\Java\jdk1.7.0_79\jre\bin\verify.dll
0x000000006f710000 - 0x000000006f738000 	C:\Program Files\Java\jdk1.7.0_79\jre\bin\java.dll
0x000000006f690000 - 0x000000006f6a5000 	C:\Program Files\Java\jdk1.7.0_79\jre\bin\zip.dll
0x000000006f640000 - 0x000000006f65a000 	C:\Program Files\Java\jdk1.7.0_79\jre\bin\net.dll
0x000007fefd0e0000 - 0x000007fefd135000 	C:\Windows\system32\mswsock.dll
0x000007fefd0d0000 - 0x000007fefd0d7000 	C:\Windows\System32\wship6.dll
0x000000006f340000 - 0x000000006f351000 	C:\Program Files\Java\jdk1.7.0_79\jre\bin\nio.dll
0x000007fefd140000 - 0x000007fefd157000 	C:\Windows\system32\CRYPTSP.dll
0x000007fefce40000 - 0x000007fefce87000 	C:\Windows\system32\rsaenh.dll
0x000007fefcbf0000 - 0x000007fefcc0e000 	C:\Windows\system32\USERENV.dll
0x000007fefd8b0000 - 0x000007fefd8bf000 	C:\Windows\system32\profapi.dll
0x000007fefd7e0000 - 0x000007fefd7ef000 	C:\Windows\system32\CRYPTBASE.dll
0x000000006f700000 - 0x000000006f70b000 	C:\Program Files\Java\jdk1.7.0_79\jre\bin\management.dll
0x000007fefbac0000 - 0x000007fefbad5000 	C:\Windows\system32\NLAapi.dll
0x000007fef76d0000 - 0x000007fef76e5000 	C:\Windows\system32\napinsp.dll
0x000007fef76b0000 - 0x000007fef76c9000 	C:\Windows\system32\pnrpnsp.dll
0x000007fefcf60000 - 0x000007fefcfbb000 	C:\Windows\system32\DNSAPI.dll
0x000007fef76a0000 - 0x000007fef76ab000 	C:\Windows\System32\winrnr.dll
0x000007fefcae0000 - 0x000007fefcae7000 	C:\Windows\System32\wshtcpip.dll
0x000007fefb4b0000 - 0x000007fefb4d7000 	C:\Windows\system32\IPHLPAPI.DLL
0x000007fefb440000 - 0x000007fefb44b000 	C:\Windows\system32\WINNSI.DLL
0x000007fef3330000 - 0x000007fef3338000 	C:\Windows\system32\rasadhlp.dll
0x000007fefb1b0000 - 0x000007fefb203000 	C:\Windows\System32\fwpuclnt.dll
0x000007fefae10000 - 0x000007fefae21000 	C:\Windows\system32\dhcpcsvc6.DLL
0x000007fefb420000 - 0x000007fefb438000 	C:\Windows\system32\dhcpcsvc.DLL

VM Arguments:
jvm_args: -Dfile.encoding=UTF-8 
java_command: com.miicrown.server.App
Launcher Type: SUN_STANDARD

Environment Variables:
PATH=C:\ProgramData\Oracle\Java\javapath;C:\Windows\system32;C:\Windows;C:\Windows\System32\Wbem;C:\Windows\System32\WindowsPowerShell\v1.0\;C:\ProgramData\ComposerSetup\bin;C:\Program Files\TortoiseSVN\bin;C:\Program Files (x86)\Microsoft SQL Server\100\Tools\Binn\;C:\Program Files\Microsoft SQL Server\100\Tools\Binn\;C:\Program Files\Microsoft SQL Server\100\DTS\Binn\;C:\Tools\5.Tomcat\apache-tomcat-7.0.73\lib;C:\Tools\5.Tomcat\apache-tomcat-7.0.73\lib\servlet-api.jar;C:\Tools\5.Tomcat\apache-tomcat-7.0.73\lib\jsp-api.jar;C:\Tools\7.PHP\php-7.2.11-nts-Win32-VC15-x64;C:\Users\Administrator\AppData\Roaming\Composer\vendor\bin;C:\Program Files (x86)\Atmel\Flip 3.4.7\bin;C:\Program Files\Java\apache-maven-3.5.2\bin
USERNAME=Administrator
OS=Windows_NT
PROCESSOR_IDENTIFIER=Intel64 Family 6 Model 60 Stepping 3, GenuineIntel



---------------  S Y S T E M  ---------------

OS: Windows 7 , 64 bit Build 7601 Service Pack 1

CPU:total 4 (2 cores per cpu, 2 threads per core) family 6 model 60 stepping 3, cmov, cx8, fxsr, mmx, sse, sse2, sse3, ssse3, sse4.1, sse4.2, popcnt, avx, avx2, aes, erms, ht, tsc, tscinvbit

Memory: 4k page, physical 8286568k(1090680k free), swap 10156012k(20180k free)

vm_info: Java HotSpot(TM) 64-Bit Server VM (24.79-b02) for windows-amd64 JRE (1.7.0_79-b15), built on Apr 10 2015 12:36:16 by "java_re" with unknown MS VC++:1600

time: Tue Dec 04 16:31:36 2018
elapsed time: 62 seconds

